12-Mar-2019 21:31:04.576 정보 [main] org.apache.catalina.startup.VersionLoggerListener.log Server version:        Apache Tomcat/8.5.38
12-Mar-2019 21:31:04.579 정보 [main] org.apache.catalina.startup.VersionLoggerListener.log Server built:          Feb 5 2019 11:42:42 UTC
12-Mar-2019 21:31:04.580 정보 [main] org.apache.catalina.startup.VersionLoggerListener.log Server number:         8.5.38.0
12-Mar-2019 21:31:04.580 정보 [main] org.apache.catalina.startup.VersionLoggerListener.log OS Name:               Windows 10
12-Mar-2019 21:31:04.580 정보 [main] org.apache.catalina.startup.VersionLoggerListener.log OS Version:            10.0
12-Mar-2019 21:31:04.580 정보 [main] org.apache.catalina.startup.VersionLoggerListener.log Architecture:          amd64
12-Mar-2019 21:31:04.580 정보 [main] org.apache.catalina.startup.VersionLoggerListener.log Java Home:             C:\Program Files\Java\jdk1.8.0_201\jre
12-Mar-2019 21:31:04.581 정보 [main] org.apache.catalina.startup.VersionLoggerListener.log JVM Version:           1.8.0_201-b09
12-Mar-2019 21:31:04.581 정보 [main] org.apache.catalina.startup.VersionLoggerListener.log JVM Vendor:            Oracle Corporation
12-Mar-2019 21:31:04.581 정보 [main] org.apache.catalina.startup.VersionLoggerListener.log CATALINA_BASE:         C:\Users\대현\Desktop\학습\jsp_practice\apache-tomcat-8.5.38
12-Mar-2019 21:31:04.582 정보 [main] org.apache.catalina.startup.VersionLoggerListener.log CATALINA_HOME:         C:\Users\대현\Desktop\학습\jsp_practice\apache-tomcat-8.5.38
12-Mar-2019 21:31:04.583 정보 [main] org.apache.catalina.startup.VersionLoggerListener.log Command line argument: -Djava.util.logging.config.file=C:\Users\대현\Desktop\학습\jsp_practice\apache-tomcat-8.5.38\conf\logging.properties
12-Mar-2019 21:31:04.585 정보 [main] org.apache.catalina.startup.VersionLoggerListener.log Command line argument: -Djava.util.logging.manager=org.apache.juli.ClassLoaderLogManager
12-Mar-2019 21:31:04.586 정보 [main] org.apache.catalina.startup.VersionLoggerListener.log Command line argument: -Djdk.tls.ephemeralDHKeySize=2048
12-Mar-2019 21:31:04.587 정보 [main] org.apache.catalina.startup.VersionLoggerListener.log Command line argument: -Djava.protocol.handler.pkgs=org.apache.catalina.webresources
12-Mar-2019 21:31:04.588 정보 [main] org.apache.catalina.startup.VersionLoggerListener.log Command line argument: -Dignore.endorsed.dirs=
12-Mar-2019 21:31:04.592 정보 [main] org.apache.catalina.startup.VersionLoggerListener.log Command line argument: -Dcatalina.base=C:\Users\대현\Desktop\학습\jsp_practice\apache-tomcat-8.5.38
12-Mar-2019 21:31:04.593 정보 [main] org.apache.catalina.startup.VersionLoggerListener.log Command line argument: -Dcatalina.home=C:\Users\대현\Desktop\학습\jsp_practice\apache-tomcat-8.5.38
12-Mar-2019 21:31:04.593 정보 [main] org.apache.catalina.startup.VersionLoggerListener.log Command line argument: -Djava.io.tmpdir=C:\Users\대현\Desktop\학습\jsp_practice\apache-tomcat-8.5.38\temp
12-Mar-2019 21:31:04.594 정보 [main] org.apache.catalina.core.AprLifecycleListener.lifecycleEvent Loaded APR based Apache Tomcat Native library [1.2.21] using APR version [1.6.5].
12-Mar-2019 21:31:04.595 정보 [main] org.apache.catalina.core.AprLifecycleListener.lifecycleEvent APR capabilities: IPv6 [true], sendfile [true], accept filters [false], random [true].
12-Mar-2019 21:31:04.596 정보 [main] org.apache.catalina.core.AprLifecycleListener.lifecycleEvent APR/OpenSSL configuration: useAprConnector [false], useOpenSSL [true]
12-Mar-2019 21:31:04.601 정보 [main] org.apache.catalina.core.AprLifecycleListener.initializeSSL OpenSSL successfully initialized [OpenSSL 1.1.1a  20 Nov 2018]
12-Mar-2019 21:31:04.697 정보 [main] org.apache.coyote.AbstractProtocol.init Initializing ProtocolHandler ["http-nio-8080"]
12-Mar-2019 21:31:05.018 정보 [main] org.apache.tomcat.util.net.NioSelectorPool.getSharedSelector Using a shared selector for servlet write/read
12-Mar-2019 21:31:05.037 정보 [main] org.apache.coyote.AbstractProtocol.init Initializing ProtocolHandler ["ajp-nio-8009"]
12-Mar-2019 21:31:05.040 정보 [main] org.apache.tomcat.util.net.NioSelectorPool.getSharedSelector Using a shared selector for servlet write/read
12-Mar-2019 21:31:05.041 정보 [main] org.apache.catalina.startup.Catalina.load Initialization processed in 743 ms
12-Mar-2019 21:31:05.064 정보 [main] org.apache.catalina.core.StandardService.startInternal Starting service [Catalina]
12-Mar-2019 21:31:05.065 정보 [main] org.apache.catalina.core.StandardEngine.startInternal Starting Servlet Engine: Apache Tomcat/8.5.38
12-Mar-2019 21:31:05.077 정보 [localhost-startStop-1] org.apache.catalina.startup.HostConfig.deployDirectory Deploying web application directory [C:\Users\대현\Desktop\학습\jsp_practice\apache-tomcat-8.5.38\webapps\docs]
12-Mar-2019 21:31:05.296 정보 [localhost-startStop-1] org.apache.catalina.startup.HostConfig.deployDirectory Deployment of web application directory [C:\Users\대현\Desktop\학습\jsp_practice\apache-tomcat-8.5.38\webapps\docs] has finished in [219] ms
12-Mar-2019 21:31:05.297 정보 [localhost-startStop-1] org.apache.catalina.startup.HostConfig.deployDirectory Deploying web application directory [C:\Users\대현\Desktop\학습\jsp_practice\apache-tomcat-8.5.38\webapps\examples]
12-Mar-2019 21:31:05.684 정보 [localhost-startStop-1] org.apache.catalina.startup.HostConfig.deployDirectory Deployment of web application directory [C:\Users\대현\Desktop\학습\jsp_practice\apache-tomcat-8.5.38\webapps\examples] has finished in [387] ms
12-Mar-2019 21:31:05.685 정보 [localhost-startStop-1] org.apache.catalina.startup.HostConfig.deployDirectory Deploying web application directory [C:\Users\대현\Desktop\학습\jsp_practice\apache-tomcat-8.5.38\webapps\host-manager]
12-Mar-2019 21:31:05.716 정보 [localhost-startStop-1] org.apache.catalina.startup.HostConfig.deployDirectory Deployment of web application directory [C:\Users\대현\Desktop\학습\jsp_practice\apache-tomcat-8.5.38\webapps\host-manager] has finished in [31] ms
12-Mar-2019 21:31:05.719 정보 [localhost-startStop-1] org.apache.catalina.startup.HostConfig.deployDirectory Deploying web application directory [C:\Users\대현\Desktop\학습\jsp_practice\apache-tomcat-8.5.38\webapps\manager]
12-Mar-2019 21:31:05.745 정보 [localhost-startStop-1] org.apache.catalina.startup.HostConfig.deployDirectory Deployment of web application directory [C:\Users\대현\Desktop\학습\jsp_practice\apache-tomcat-8.5.38\webapps\manager] has finished in [26] ms
12-Mar-2019 21:31:05.747 정보 [localhost-startStop-1] org.apache.catalina.startup.HostConfig.deployDirectory Deploying web application directory [C:\Users\대현\Desktop\학습\jsp_practice\apache-tomcat-8.5.38\webapps\ROOT]
12-Mar-2019 21:31:05.772 정보 [localhost-startStop-1] org.apache.catalina.startup.HostConfig.deployDirectory Deployment of web application directory [C:\Users\대현\Desktop\학습\jsp_practice\apache-tomcat-8.5.38\webapps\ROOT] has finished in [25] ms
12-Mar-2019 21:31:05.776 정보 [main] org.apache.coyote.AbstractProtocol.start Starting ProtocolHandler ["http-nio-8080"]
12-Mar-2019 21:31:05.784 정보 [main] org.apache.coyote.AbstractProtocol.start Starting ProtocolHandler ["ajp-nio-8009"]
12-Mar-2019 21:31:05.786 정보 [main] org.apache.catalina.startup.Catalina.start Server startup in 744 ms
12-Mar-2019 21:31:20.738 정보 [main] org.apache.catalina.startup.VersionLoggerListener.log Server version:        Apache Tomcat/8.5.38
12-Mar-2019 21:31:20.740 정보 [main] org.apache.catalina.startup.VersionLoggerListener.log Server built:          Feb 5 2019 11:42:42 UTC
12-Mar-2019 21:31:20.741 정보 [main] org.apache.catalina.startup.VersionLoggerListener.log Server number:         8.5.38.0
12-Mar-2019 21:31:20.741 정보 [main] org.apache.catalina.startup.VersionLoggerListener.log OS Name:               Windows 10
12-Mar-2019 21:31:20.741 정보 [main] org.apache.catalina.startup.VersionLoggerListener.log OS Version:            10.0
12-Mar-2019 21:31:20.742 정보 [main] org.apache.catalina.startup.VersionLoggerListener.log Architecture:          amd64
12-Mar-2019 21:31:20.742 정보 [main] org.apache.catalina.startup.VersionLoggerListener.log Java Home:             C:\Program Files\Java\jdk1.8.0_201\jre
12-Mar-2019 21:31:20.742 정보 [main] org.apache.catalina.startup.VersionLoggerListener.log JVM Version:           1.8.0_201-b09
12-Mar-2019 21:31:20.742 정보 [main] org.apache.catalina.startup.VersionLoggerListener.log JVM Vendor:            Oracle Corporation
12-Mar-2019 21:31:20.743 정보 [main] org.apache.catalina.startup.VersionLoggerListener.log CATALINA_BASE:         C:\Users\대현\Desktop\학습\jsp_practice\apache-tomcat-8.5.38
12-Mar-2019 21:31:20.743 정보 [main] org.apache.catalina.startup.VersionLoggerListener.log CATALINA_HOME:         C:\Users\대현\Desktop\학습\jsp_practice\apache-tomcat-8.5.38
12-Mar-2019 21:31:20.743 정보 [main] org.apache.catalina.startup.VersionLoggerListener.log Command line argument: -Djava.util.logging.config.file=C:\Users\대현\Desktop\학습\jsp_practice\apache-tomcat-8.5.38\conf\logging.properties
12-Mar-2019 21:31:20.745 정보 [main] org.apache.catalina.startup.VersionLoggerListener.log Command line argument: -Djava.util.logging.manager=org.apache.juli.ClassLoaderLogManager
12-Mar-2019 21:31:20.746 정보 [main] org.apache.catalina.startup.VersionLoggerListener.log Command line argument: -Djdk.tls.ephemeralDHKeySize=2048
12-Mar-2019 21:31:20.746 정보 [main] org.apache.catalina.startup.VersionLoggerListener.log Command line argument: -Djava.protocol.handler.pkgs=org.apache.catalina.webresources
12-Mar-2019 21:31:20.747 정보 [main] org.apache.catalina.startup.VersionLoggerListener.log Command line argument: -Dignore.endorsed.dirs=
12-Mar-2019 21:31:20.748 정보 [main] org.apache.catalina.startup.VersionLoggerListener.log Command line argument: -Dcatalina.base=C:\Users\대현\Desktop\학습\jsp_practice\apache-tomcat-8.5.38
12-Mar-2019 21:31:20.749 정보 [main] org.apache.catalina.startup.VersionLoggerListener.log Command line argument: -Dcatalina.home=C:\Users\대현\Desktop\학습\jsp_practice\apache-tomcat-8.5.38
12-Mar-2019 21:31:20.751 정보 [main] org.apache.catalina.startup.VersionLoggerListener.log Command line argument: -Djava.io.tmpdir=C:\Users\대현\Desktop\학습\jsp_practice\apache-tomcat-8.5.38\temp
12-Mar-2019 21:31:20.751 정보 [main] org.apache.catalina.core.AprLifecycleListener.lifecycleEvent Loaded APR based Apache Tomcat Native library [1.2.21] using APR version [1.6.5].
12-Mar-2019 21:31:20.752 정보 [main] org.apache.catalina.core.AprLifecycleListener.lifecycleEvent APR capabilities: IPv6 [true], sendfile [true], accept filters [false], random [true].
12-Mar-2019 21:31:20.753 정보 [main] org.apache.catalina.core.AprLifecycleListener.lifecycleEvent APR/OpenSSL configuration: useAprConnector [false], useOpenSSL [true]
12-Mar-2019 21:31:20.758 정보 [main] org.apache.catalina.core.AprLifecycleListener.initializeSSL OpenSSL successfully initialized [OpenSSL 1.1.1a  20 Nov 2018]
12-Mar-2019 21:31:20.844 정보 [main] org.apache.coyote.AbstractProtocol.init Initializing ProtocolHandler ["http-nio-8080"]
12-Mar-2019 21:31:21.154 정보 [main] org.apache.tomcat.util.net.NioSelectorPool.getSharedSelector Using a shared selector for servlet write/read
12-Mar-2019 21:31:21.173 정보 [main] org.apache.coyote.AbstractProtocol.init Initializing ProtocolHandler ["ajp-nio-8009"]
12-Mar-2019 21:31:21.176 정보 [main] org.apache.tomcat.util.net.NioSelectorPool.getSharedSelector Using a shared selector for servlet write/read
12-Mar-2019 21:31:21.177 정보 [main] org.apache.catalina.startup.Catalina.load Initialization processed in 677 ms
12-Mar-2019 21:31:21.195 정보 [main] org.apache.catalina.core.StandardService.startInternal Starting service [Catalina]
12-Mar-2019 21:31:21.196 정보 [main] org.apache.catalina.core.StandardEngine.startInternal Starting Servlet Engine: Apache Tomcat/8.5.38
12-Mar-2019 21:31:21.204 정보 [localhost-startStop-1] org.apache.catalina.startup.HostConfig.deployDirectory Deploying web application directory [C:\Users\대현\Desktop\학습\jsp_practice\apache-tomcat-8.5.38\webapps\docs]
12-Mar-2019 21:31:21.397 정보 [localhost-startStop-1] org.apache.catalina.startup.HostConfig.deployDirectory Deployment of web application directory [C:\Users\대현\Desktop\학습\jsp_practice\apache-tomcat-8.5.38\webapps\docs] has finished in [193] ms
12-Mar-2019 21:31:21.399 정보 [localhost-startStop-1] org.apache.catalina.startup.HostConfig.deployDirectory Deploying web application directory [C:\Users\대현\Desktop\학습\jsp_practice\apache-tomcat-8.5.38\webapps\examples]
12-Mar-2019 21:31:21.725 정보 [localhost-startStop-1] org.apache.catalina.startup.HostConfig.deployDirectory Deployment of web application directory [C:\Users\대현\Desktop\학습\jsp_practice\apache-tomcat-8.5.38\webapps\examples] has finished in [326] ms
12-Mar-2019 21:31:21.728 정보 [localhost-startStop-1] org.apache.catalina.startup.HostConfig.deployDirectory Deploying web application directory [C:\Users\대현\Desktop\학습\jsp_practice\apache-tomcat-8.5.38\webapps\host-manager]
12-Mar-2019 21:31:21.755 정보 [localhost-startStop-1] org.apache.catalina.startup.HostConfig.deployDirectory Deployment of web application directory [C:\Users\대현\Desktop\학습\jsp_practice\apache-tomcat-8.5.38\webapps\host-manager] has finished in [27] ms
12-Mar-2019 21:31:21.757 정보 [localhost-startStop-1] org.apache.catalina.startup.HostConfig.deployDirectory Deploying web application directory [C:\Users\대현\Desktop\학습\jsp_practice\apache-tomcat-8.5.38\webapps\manager]
12-Mar-2019 21:31:21.783 정보 [localhost-startStop-1] org.apache.catalina.startup.HostConfig.deployDirectory Deployment of web application directory [C:\Users\대현\Desktop\학습\jsp_practice\apache-tomcat-8.5.38\webapps\manager] has finished in [26] ms
12-Mar-2019 21:31:21.784 정보 [localhost-startStop-1] org.apache.catalina.startup.HostConfig.deployDirectory Deploying web application directory [C:\Users\대현\Desktop\학습\jsp_practice\apache-tomcat-8.5.38\webapps\ROOT]
12-Mar-2019 21:31:21.806 정보 [localhost-startStop-1] org.apache.catalina.startup.HostConfig.deployDirectory Deployment of web application directory [C:\Users\대현\Desktop\학습\jsp_practice\apache-tomcat-8.5.38\webapps\ROOT] has finished in [22] ms
12-Mar-2019 21:31:21.811 정보 [main] org.apache.coyote.AbstractProtocol.start Starting ProtocolHandler ["http-nio-8080"]
12-Mar-2019 21:31:21.820 정보 [main] org.apache.coyote.AbstractProtocol.start Starting ProtocolHandler ["ajp-nio-8009"]
12-Mar-2019 21:31:21.822 정보 [main] org.apache.catalina.startup.Catalina.start Server startup in 644 ms
